#
# A fatal error has been detected by the Java Runtime Environment:
#
#  EXCEPTION_ACCESS_VIOLATION (0xc0000005) at pc=0x00007ffa29ff1170, pid=6928, tid=3660
#
# JRE version: Java(TM) SE Runtime Environment (17.0.5+9) (build 17.0.5+9-LTS-191)
# Java VM: Java HotSpot(TM) 64-Bit Server VM (17.0.5+9-LTS-191, mixed mode, sharing, tiered, compressed oops, compressed class ptrs, g1 gc, windows-amd64)
# Problematic frame:
# V  [jvm.dll+0x9c1170]
#
# No core dump will be written. Minidumps are not enabled by default on client versions of Windows
#
# If you would like to submit a bug report, please visit:
#   https://bugreport.java.com/bugreport/crash.jsp
#

---------------  S U M M A R Y ------------

Command Line: -javaagent:C:\Users\thihe\eclipse\jee-2022-09\eclipse\configuration\org.eclipse.osgi\874\0\.cp\jacocoagent.jar=includes=*,excludes=,exclclassloader=sun.reflect.DelegatingClassLoader,output=tcpclient,port=60165 -ea -Dfile.encoding=UTF-8 -XX:+ShowCodeDetailsInExceptionMessages org.eclipse.jdt.internal.junit.runner.RemoteTestRunner -version 3 -port 60166 -testLoaderClass org.eclipse.jdt.internal.junit5.runner.JUnit5TestLoader -loaderpluginname org.eclipse.jdt.junit5.runtime -classNames br.com.henrique.cm.modelo.CampoTeste

Host: Intel(R) Core(TM) i3-3250 CPU @ 3.50GHz, 4 cores, 7G,  Windows 10 , 64 bit Build 19041 (10.0.19041.2913)
Time: Sun May 21 15:34:02 2023 Hora oficial do Brasil elapsed time: 0.570970 seconds (0d 0h 0m 0s)

---------------  T H R E A D  ---------------

Current thread (0x0000028d578256d0):  JavaThread "C1 CompilerThread0" daemon [_thread_in_native, id=3660, stack(0x000000e56a800000,0x000000e56a900000)]


Current CompileTask:
C1:    580  473       3       java.lang.String::startsWith (138 bytes)

Stack: [0x000000e56a800000,0x000000e56a900000],  sp=0x000000e56a8fec08,  free space=1019k
Native frames: (J=compiled Java code, j=interpreted, Vv=VM code, C=native code)
V  [jvm.dll+0x9c1170]


siginfo: EXCEPTION_ACCESS_VIOLATION (0xc0000005), data execution prevention violation at address 0x00007ffa29ff1170


Register to memory mapping:

RIP=0x00007ffa29ff1170 jvm.dll
RAX=0x00007ffa29ef7e70 jvm.dll
RBX=0x0000028d58756e40 points into unknown readable memory: 0x00007ffa29eefa60 | 60 fa ee 29 fa 7f 00 00
RCX=0x0000028d5892f650 points into unknown readable memory: 0x00007ffa29ef7e70 | 70 7e ef 29 fa 7f 00 00
RDX=0x000000e56a8fec40 is pointing into the stack for thread: 0x0000028d578256d0
RSP=0x000000e56a8fec08 is pointing into the stack for thread: 0x0000028d578256d0
RBP=0x0000028d5892f590 points into unknown readable memory: 0x00007ffa29eefc68 | 68 fc ee 29 fa 7f 00 00
RSI=0x000000e56a8fef20 is pointing into the stack for thread: 0x0000028d578256d0
RDI=0x000000e56a8fef20 is pointing into the stack for thread: 0x0000028d578256d0
R8 =0x0000000000000050 is an unknown value
R9 =0x0000028d5892f650 points into unknown readable memory: 0x00007ffa29ef7e70 | 70 7e ef 29 fa 7f 00 00
R10=0x000000000000000b is an unknown value
R11=0x0000028d5892f3e0 points into unknown readable memory: 0x0000028d58756e40 | 40 6e 75 58 8d 02 00 00
R12=0x0000028d5892ee90 points into unknown readable memory: 0x00007ffa29ef9440 | 40 94 ef 29 fa 7f 00 00
R13=0x000000e56a8ff700 is pointing into the stack for thread: 0x0000028d578256d0
R14=0x0000028d5892f540 points into unknown readable memory: 0x0000028d58669dd0 | d0 9d 66 58 8d 02 00 00
R15=0x0000000000000008 is an unknown value


Registers:
RAX=0x00007ffa29ef7e70, RBX=0x0000028d58756e40, RCX=0x0000028d5892f650, RDX=0x000000e56a8fec40
RSP=0x000000e56a8fec08, RBP=0x0000028d5892f590, RSI=0x000000e56a8fef20, RDI=0x000000e56a8fef20
R8 =0x0000000000000050, R9 =0x0000028d5892f650, R10=0x000000000000000b, R11=0x0000028d5892f3e0
R12=0x0000028d5892ee90, R13=0x000000e56a8ff700, R14=0x0000028d5892f540, R15=0x0000000000000008
RIP=0x00007ffa29ff1170, EFLAGS=0x0000000000010202

Top of Stack: (sp=0x000000e56a8fec08)
0x000000e56a8fec08:   00007ffa29768270 000000e56a8fef20
0x000000e56a8fec18:   0000028d5892f590 000000e56a8fef20
0x000000e56a8fec28:   000000e56a8fef20 0000000000000008
0x000000e56a8fec38:   00007ffa2975c8c4 00007ffa29ef53e8
0x000000e56a8fec48:   000000e56a8ff2c0 0000028d5892f650
0x000000e56a8fec58:   00007ffa00000050 0000028d5892f650
0x000000e56a8fec68:   00007ffa2976f5ff 0000028d58756e40
0x000000e56a8fec78:   0000028d5892f590 0000028d58756e40
0x000000e56a8fec88:   0000028d5892f650 0000028d00000008
0x000000e56a8fec98:   0000028d5892f540 000000e56a8fef00
0x000000e56a8feca8:   0000000000000008 0000000000000000
0x000000e56a8fecb8:   0000000000000033 0000000000000000
0x000000e56a8fecc8:   00007ffa2976d5cf 0000028d584e0750
0x000000e56a8fecd8:   000000e56a8fed40 000000e56a8fef20
0x000000e56a8fece8:   0000000000000000 0000028d584df6d0
0x000000e56a8fecf8:   0000028d577bbb60 0000028d584e0750 

Instructions: (pc=0x00007ffa29ff1170)
0x00007ffa29ff1070:   88 10 9c 00 60 10 9c 00 00 00 00 00 00 00 00 00
0x00007ffa29ff1080:   00 00 00 00 00 00 00 00 00 00 00 00 00 00 00 00
0x00007ffa29ff1090:   03 00 00 00 a0 10 9c 00 00 00 00 00 00 00 00 00
0x00007ffa29ff10a0:   c0 10 9c 00 d0 d2 9b 00 50 95 9b 00 00 00 00 00
0x00007ffa29ff10b0:   00 00 00 00 00 00 00 00 00 00 00 00 00 00 00 00
0x00007ffa29ff10c0:   70 48 ac 00 02 00 00 00 00 00 00 00 ff ff ff ff
0x00007ffa29ff10d0:   00 00 00 00 40 00 00 00 88 10 9c 00 00 00 00 00
0x00007ffa29ff10e0:   00 00 00 00 00 00 00 00 01 00 00 00 00 00 00 00
0x00007ffa29ff10f0:   00 00 00 00 98 48 ac 00 10 11 9c 00 e8 10 9c 00
0x00007ffa29ff1100:   00 00 00 00 00 00 00 00 00 00 00 00 00 00 00 00
0x00007ffa29ff1110:   00 00 00 00 00 00 00 00 03 00 00 00 28 11 9c 00
0x00007ffa29ff1120:   00 00 00 00 00 00 00 00 48 11 9c 00 f0 cc 9b 00
0x00007ffa29ff1130:   40 68 9b 00 00 00 00 00 00 00 00 00 00 00 00 00
0x00007ffa29ff1140:   00 00 00 00 00 00 00 00 98 48 ac 00 02 00 00 00
0x00007ffa29ff1150:   00 00 00 00 ff ff ff ff 00 00 00 00 40 00 00 00
0x00007ffa29ff1160:   10 11 9c 00 00 00 00 00 00 00 00 00 00 00 00 00
0x00007ffa29ff1170:   01 00 00 00 00 00 00 00 00 00 00 00 c8 48 ac 00
0x00007ffa29ff1180:   98 11 9c 00 70 11 9c 00 00 00 00 00 00 00 00 00
0x00007ffa29ff1190:   00 00 00 00 00 00 00 00 00 00 00 00 00 00 00 00
0x00007ffa29ff11a0:   03 00 00 00 b0 11 9c 00 00 00 00 00 00 00 00 00
0x00007ffa29ff11b0:   d0 11 9c 00 50 d3 9b 00 40 68 9b 00 00 00 00 00
0x00007ffa29ff11c0:   00 00 00 00 00 00 00 00 00 00 00 00 00 00 00 00
0x00007ffa29ff11d0:   c8 48 ac 00 02 00 00 00 00 00 00 00 ff ff ff ff
0x00007ffa29ff11e0:   00 00 00 00 40 00 00 00 98 11 9c 00 00 00 00 00
0x00007ffa29ff11f0:   00 00 00 00 00 00 00 00 01 00 00 00 00 00 00 00
0x00007ffa29ff1200:   00 00 00 00 f0 48 ac 00 20 12 9c 00 f8 11 9c 00
0x00007ffa29ff1210:   00 00 00 00 00 00 00 00 00 00 00 00 00 00 00 00
0x00007ffa29ff1220:   00 00 00 00 00 00 00 00 04 00 00 00 38 12 9c 00
0x00007ffa29ff1230:   00 00 00 00 00 00 00 00 60 12 9c 00 d8 c5 9b 00
0x00007ffa29ff1240:   80 be 9b 00 50 95 9b 00 00 00 00 00 00 00 00 00
0x00007ffa29ff1250:   00 00 00 00 00 00 00 00 00 00 00 00 00 00 00 00
0x00007ffa29ff1260:   f0 48 ac 00 03 00 00 00 00 00 00 00 ff ff ff ff 


Stack slot to memory mapping:
stack at sp + 0 slots: 0x00007ffa29768270 jvm.dll
stack at sp + 1 slots: 0x000000e56a8fef20 is pointing into the stack for thread: 0x0000028d578256d0
stack at sp + 2 slots: 0x0000028d5892f590 points into unknown readable memory: 0x00007ffa29eefc68 | 68 fc ee 29 fa 7f 00 00
stack at sp + 3 slots: 0x000000e56a8fef20 is pointing into the stack for thread: 0x0000028d578256d0
stack at sp + 4 slots: 0x000000e56a8fef20 is pointing into the stack for thread: 0x0000028d578256d0
stack at sp + 5 slots: 0x0000000000000008 is an unknown value
stack at sp + 6 slots: 0x00007ffa2975c8c4 jvm.dll
stack at sp + 7 slots: 0x00007ffa29ef53e8 jvm.dll


---------------  P R O C E S S  ---------------

Threads class SMR info:
_java_thread_list=0x0000028d586fbe80, length=14, elements={
0x0000028d39f044d0, 0x0000028d5779eb80, 0x0000028d577a25b0, 0x0000028d577b36e0,
0x0000028d577b70c0, 0x0000028d577b7980, 0x0000028d577b8240, 0x0000028d577b8ee0,
0x0000028d578256d0, 0x0000028d5782a7a0, 0x0000028d58408070, 0x0000028d5862d9c0,
0x0000028d587c6880, 0x0000028d586dcd40
}

Java Threads: ( => current thread )
  0x0000028d39f044d0 JavaThread "main" [_thread_in_vm, id=6884, stack(0x000000e569a00000,0x000000e569b00000)]
  0x0000028d5779eb80 JavaThread "Reference Handler" daemon [_thread_blocked, id=4596, stack(0x000000e56a100000,0x000000e56a200000)]
  0x0000028d577a25b0 JavaThread "Finalizer" daemon [_thread_blocked, id=8552, stack(0x000000e56a200000,0x000000e56a300000)]
  0x0000028d577b36e0 JavaThread "Signal Dispatcher" daemon [_thread_blocked, id=5260, stack(0x000000e56a300000,0x000000e56a400000)]
  0x0000028d577b70c0 JavaThread "Attach Listener" daemon [_thread_blocked, id=6728, stack(0x000000e56a400000,0x000000e56a500000)]
  0x0000028d577b7980 JavaThread "Service Thread" daemon [_thread_blocked, id=7456, stack(0x000000e56a500000,0x000000e56a600000)]
  0x0000028d577b8240 JavaThread "Monitor Deflation Thread" daemon [_thread_blocked, id=8068, stack(0x000000e56a600000,0x000000e56a700000)]
  0x0000028d577b8ee0 JavaThread "C2 CompilerThread0" daemon [_thread_blocked, id=5132, stack(0x000000e56a700000,0x000000e56a800000)]
=>0x0000028d578256d0 JavaThread "C1 CompilerThread0" daemon [_thread_in_native, id=3660, stack(0x000000e56a800000,0x000000e56a900000)]
  0x0000028d5782a7a0 JavaThread "Sweeper thread" daemon [_thread_blocked, id=3656, stack(0x000000e56a900000,0x000000e56aa00000)]
  0x0000028d58408070 JavaThread "Common-Cleaner" daemon [_thread_blocked, id=7956, stack(0x000000e56aa00000,0x000000e56ab00000)]
  0x0000028d5862d9c0 JavaThread "C2 CompilerThread1" daemon [_thread_blocked, id=1224, stack(0x000000e56ac00000,0x000000e56ad00000)]
  0x0000028d587c6880 JavaThread "org.jacoco.agent.rt.internal_b6258fc.output.TcpClientOutput" daemon [_thread_in_native, id=4812, stack(0x000000e56ad00000,0x000000e56ae00000)]
  0x0000028d586dcd40 JavaThread "Notification Thread" daemon [_thread_blocked, id=4012, stack(0x000000e56ae00000,0x000000e56af00000)]

Other Threads:
  0x0000028d57798c10 VMThread "VM Thread" [stack: 0x000000e56a000000,0x000000e56a100000] [id=8544]
  0x0000028d39f05480 WatcherThread [stack: 0x000000e56af00000,0x000000e56b000000] [id=5504]
  0x0000028d39f5ab60 GCTaskThread "GC Thread#0" [stack: 0x000000e569b00000,0x000000e569c00000] [id=8244]
  0x0000028d39f6c840 ConcurrentGCThread "G1 Main Marker" [stack: 0x000000e569c00000,0x000000e569d00000] [id=5152]
  0x0000028d39f6da40 ConcurrentGCThread "G1 Conc#0" [stack: 0x000000e569d00000,0x000000e569e00000] [id=5292]
  0x0000028d39fd3e70 ConcurrentGCThread "G1 Refine#0" [stack: 0x000000e569e00000,0x000000e569f00000] [id=8288]
  0x0000028d576601d0 ConcurrentGCThread "G1 Service" [stack: 0x000000e569f00000,0x000000e56a000000] [id=3360]

Threads with active compile tasks:
C1 CompilerThread0      622  473       3       java.lang.String::startsWith (138 bytes)

VM state: not at safepoint (normal execution)

VM Mutex/Monitor currently owned by a thread: None

Heap address: 0x0000000080c00000, size: 2036 MB, Compressed Oops mode: 32-bit

CDS archive(s) mapped at: [0x0000000800000000-0x0000000800bd0000-0x0000000800bd0000), size 12386304, SharedBaseAddress: 0x0000000800000000, ArchiveRelocationMode: 0.
Compressed class space mapped at: 0x0000000800c00000-0x0000000840c00000, reserved size: 1073741824
Narrow klass base: 0x0000000800000000, Narrow klass shift: 0, Narrow klass range: 0x100000000

GC Precious Log:
 CPUs: 4 total, 4 available
 Memory: 8142M
 Large Page Support: Disabled
 NUMA Support: Disabled
 Compressed Oops: Enabled (32-bit)
 Heap Region Size: 1M
 Heap Min Capacity: 8M
 Heap Initial Capacity: 128M
 Heap Max Capacity: 2036M
 Pre-touch: Disabled
 Parallel Workers: 4
 Concurrent Workers: 1
 Concurrent Refinement Workers: 4
 Periodic GC: Disabled

Heap:
 garbage-first heap   total 131072K, used 7168K [0x0000000080c00000, 0x0000000100000000)
  region size 1024K, 8 young (8192K), 0 survivors (0K)
 Metaspace       used 3598K, committed 3712K, reserved 1056768K
  class space    used 362K, committed 384K, reserved 1048576K

Heap Regions: E=young(eden), S=young(survivor), O=old, HS=humongous(starts), HC=humongous(continues), CS=collection set, F=free, OA=open archive, CA=closed archive, TAMS=top-at-mark-start (previous, next)
|   0|0x0000000080c00000, 0x0000000080c00000, 0x0000000080d00000|  0%| F|  |TAMS 0x0000000080c00000, 0x0000000080c00000| Untracked 
|   1|0x0000000080d00000, 0x0000000080d00000, 0x0000000080e00000|  0%| F|  |TAMS 0x0000000080d00000, 0x0000000080d00000| Untracked 
|   2|0x0000000080e00000, 0x0000000080e00000, 0x0000000080f00000|  0%| F|  |TAMS 0x0000000080e00000, 0x0000000080e00000| Untracked 
|   3|0x0000000080f00000, 0x0000000080f00000, 0x0000000081000000|  0%| F|  |TAMS 0x0000000080f00000, 0x0000000080f00000| Untracked 
|   4|0x0000000081000000, 0x0000000081000000, 0x0000000081100000|  0%| F|  |TAMS 0x0000000081000000, 0x0000000081000000| Untracked 
|   5|0x0000000081100000, 0x0000000081100000, 0x0000000081200000|  0%| F|  |TAMS 0x0000000081100000, 0x0000000081100000| Untracked 
|   6|0x0000000081200000, 0x0000000081200000, 0x0000000081300000|  0%| F|  |TAMS 0x0000000081200000, 0x0000000081200000| Untracked 
|   7|0x0000000081300000, 0x0000000081300000, 0x0000000081400000|  0%| F|  |TAMS 0x0000000081300000, 0x0000000081300000| Untracked 
|   8|0x0000000081400000, 0x0000000081400000, 0x0000000081500000|  0%| F|  |TAMS 0x0000000081400000, 0x0000000081400000| Untracked 
|   9|0x0000000081500000, 0x0000000081500000, 0x0000000081600000|  0%| F|  |TAMS 0x0000000081500000, 0x0000000081500000| Untracked 
|  10|0x0000000081600000, 0x0000000081600000, 0x0000000081700000|  0%| F|  |TAMS 0x0000000081600000, 0x0000000081600000| Untracked 
|  11|0x0000000081700000, 0x0000000081700000, 0x0000000081800000|  0%| F|  |TAMS 0x0000000081700000, 0x0000000081700000| Untracked 
|  12|0x0000000081800000, 0x0000000081800000, 0x0000000081900000|  0%| F|  |TAMS 0x0000000081800000, 0x0000000081800000| Untracked 
|  13|0x0000000081900000, 0x0000000081900000, 0x0000000081a00000|  0%| F|  |TAMS 0x0000000081900000, 0x0000000081900000| Untracked 
|  14|0x0000000081a00000, 0x0000000081a00000, 0x0000000081b00000|  0%| F|  |TAMS 0x0000000081a00000, 0x0000000081a00000| Untracked 
|  15|0x0000000081b00000, 0x0000000081b00000, 0x0000000081c00000|  0%| F|  |TAMS 0x0000000081b00000, 0x0000000081b00000| Untracked 
|  16|0x0000000081c00000, 0x0000000081c00000, 0x0000000081d00000|  0%| F|  |TAMS 0x0000000081c00000, 0x0000000081c00000| Untracked 
|  17|0x0000000081d00000, 0x0000000081d00000, 0x0000000081e00000|  0%| F|  |TAMS 0x0000000081d00000, 0x0000000081d00000| Untracked 
|  18|0x0000000081e00000, 0x0000000081e00000, 0x0000000081f00000|  0%| F|  |TAMS 0x0000000081e00000, 0x0000000081e00000| Untracked 
|  19|0x0000000081f00000, 0x0000000081f00000, 0x0000000082000000|  0%| F|  |TAMS 0x0000000081f00000, 0x0000000081f00000| Untracked 
|  20|0x0000000082000000, 0x0000000082000000, 0x0000000082100000|  0%| F|  |TAMS 0x0000000082000000, 0x0000000082000000| Untracked 
|  21|0x0000000082100000, 0x0000000082100000, 0x0000000082200000|  0%| F|  |TAMS 0x0000000082100000, 0x0000000082100000| Untracked 
|  22|0x0000000082200000, 0x0000000082200000, 0x0000000082300000|  0%| F|  |TAMS 0x0000000082200000, 0x0000000082200000| Untracked 
|  23|0x0000000082300000, 0x0000000082300000, 0x0000000082400000|  0%| F|  |TAMS 0x0000000082300000, 0x0000000082300000| Untracked 
|  24|0x0000000082400000, 0x0000000082400000, 0x0000000082500000|  0%| F|  |TAMS 0x0000000082400000, 0x0000000082400000| Untracked 
|  25|0x0000000082500000, 0x0000000082500000, 0x0000000082600000|  0%| F|  |TAMS 0x0000000082500000, 0x0000000082500000| Untracked 
|  26|0x0000000082600000, 0x0000000082600000, 0x0000000082700000|  0%| F|  |TAMS 0x0000000082600000, 0x0000000082600000| Untracked 
|  27|0x0000000082700000, 0x0000000082700000, 0x0000000082800000|  0%| F|  |TAMS 0x0000000082700000, 0x0000000082700000| Untracked 
|  28|0x0000000082800000, 0x0000000082800000, 0x0000000082900000|  0%| F|  |TAMS 0x0000000082800000, 0x0000000082800000| Untracked 
|  29|0x0000000082900000, 0x0000000082900000, 0x0000000082a00000|  0%| F|  |TAMS 0x0000000082900000, 0x0000000082900000| Untracked 
|  30|0x0000000082a00000, 0x0000000082a00000, 0x0000000082b00000|  0%| F|  |TAMS 0x0000000082a00000, 0x0000000082a00000| Untracked 
|  31|0x0000000082b00000, 0x0000000082b00000, 0x0000000082c00000|  0%| F|  |TAMS 0x0000000082b00000, 0x0000000082b00000| Untracked 
|  32|0x0000000082c00000, 0x0000000082c00000, 0x0000000082d00000|  0%| F|  |TAMS 0x0000000082c00000, 0x0000000082c00000| Untracked 
|  33|0x0000000082d00000, 0x0000000082d00000, 0x0000000082e00000|  0%| F|  |TAMS 0x0000000082d00000, 0x0000000082d00000| Untracked 
|  34|0x0000000082e00000, 0x0000000082e00000, 0x0000000082f00000|  0%| F|  |TAMS 0x0000000082e00000, 0x0000000082e00000| Untracked 
|  35|0x0000000082f00000, 0x0000000082f00000, 0x0000000083000000|  0%| F|  |TAMS 0x0000000082f00000, 0x0000000082f00000| Untracked 
|  36|0x0000000083000000, 0x0000000083000000, 0x0000000083100000|  0%| F|  |TAMS 0x0000000083000000, 0x0000000083000000| Untracked 
|  37|0x0000000083100000, 0x0000000083100000, 0x0000000083200000|  0%| F|  |TAMS 0x0000000083100000, 0x0000000083100000| Untracked 
|  38|0x0000000083200000, 0x0000000083200000, 0x0000000083300000|  0%| F|  |TAMS 0x0000000083200000, 0x0000000083200000| Untracked 
|  39|0x0000000083300000, 0x0000000083300000, 0x0000000083400000|  0%| F|  |TAMS 0x0000000083300000, 0x0000000083300000| Untracked 
|  40|0x0000000083400000, 0x0000000083400000, 0x0000000083500000|  0%| F|  |TAMS 0x0000000083400000, 0x0000000083400000| Untracked 
|  41|0x0000000083500000, 0x0000000083500000, 0x0000000083600000|  0%| F|  |TAMS 0x0000000083500000, 0x0000000083500000| Untracked 
|  42|0x0000000083600000, 0x0000000083600000, 0x0000000083700000|  0%| F|  |TAMS 0x0000000083600000, 0x0000000083600000| Untracked 
|  43|0x0000000083700000, 0x0000000083700000, 0x0000000083800000|  0%| F|  |TAMS 0x0000000083700000, 0x0000000083700000| Untracked 
|  44|0x0000000083800000, 0x0000000083800000, 0x0000000083900000|  0%| F|  |TAMS 0x0000000083800000, 0x0000000083800000| Untracked 
|  45|0x0000000083900000, 0x0000000083900000, 0x0000000083a00000|  0%| F|  |TAMS 0x0000000083900000, 0x0000000083900000| Untracked 
|  46|0x0000000083a00000, 0x0000000083a00000, 0x0000000083b00000|  0%| F|  |TAMS 0x0000000083a00000, 0x0000000083a00000| Untracked 
|  47|0x0000000083b00000, 0x0000000083b00000, 0x0000000083c00000|  0%| F|  |TAMS 0x0000000083b00000, 0x0000000083b00000| Untracked 
|  48|0x0000000083c00000, 0x0000000083c00000, 0x0000000083d00000|  0%| F|  |TAMS 0x0000000083c00000, 0x0000000083c00000| Untracked 
|  49|0x0000000083d00000, 0x0000000083d00000, 0x0000000083e00000|  0%| F|  |TAMS 0x0000000083d00000, 0x0000000083d00000| Untracked 
|  50|0x0000000083e00000, 0x0000000083e00000, 0x0000000083f00000|  0%| F|  |TAMS 0x0000000083e00000, 0x0000000083e00000| Untracked 
|  51|0x0000000083f00000, 0x0000000083f00000, 0x0000000084000000|  0%| F|  |TAMS 0x0000000083f00000, 0x0000000083f00000| Untracked 
|  52|0x0000000084000000, 0x0000000084000000, 0x0000000084100000|  0%| F|  |TAMS 0x0000000084000000, 0x0000000084000000| Untracked 
|  53|0x0000000084100000, 0x0000000084100000, 0x0000000084200000|  0%| F|  |TAMS 0x0000000084100000, 0x0000000084100000| Untracked 
|  54|0x0000000084200000, 0x0000000084200000, 0x0000000084300000|  0%| F|  |TAMS 0x0000000084200000, 0x0000000084200000| Untracked 
|  55|0x0000000084300000, 0x0000000084300000, 0x0000000084400000|  0%| F|  |TAMS 0x0000000084300000, 0x0000000084300000| Untracked 
|  56|0x0000000084400000, 0x0000000084400000, 0x0000000084500000|  0%| F|  |TAMS 0x0000000084400000, 0x0000000084400000| Untracked 
|  57|0x0000000084500000, 0x0000000084500000, 0x0000000084600000|  0%| F|  |TAMS 0x0000000084500000, 0x0000000084500000| Untracked 
|  58|0x0000000084600000, 0x0000000084600000, 0x0000000084700000|  0%| F|  |TAMS 0x0000000084600000, 0x0000000084600000| Untracked 
|  59|0x0000000084700000, 0x0000000084700000, 0x0000000084800000|  0%| F|  |TAMS 0x0000000084700000, 0x0000000084700000| Untracked 
|  60|0x0000000084800000, 0x0000000084800000, 0x0000000084900000|  0%| F|  |TAMS 0x0000000084800000, 0x0000000084800000| Untracked 
|  61|0x0000000084900000, 0x0000000084900000, 0x0000000084a00000|  0%| F|  |TAMS 0x0000000084900000, 0x0000000084900000| Untracked 
|  62|0x0000000084a00000, 0x0000000084a00000, 0x0000000084b00000|  0%| F|  |TAMS 0x0000000084a00000, 0x0000000084a00000| Untracked 
|  63|0x0000000084b00000, 0x0000000084b00000, 0x0000000084c00000|  0%| F|  |TAMS 0x0000000084b00000, 0x0000000084b00000| Untracked 
|  64|0x0000000084c00000, 0x0000000084c00000, 0x0000000084d00000|  0%| F|  |TAMS 0x0000000084c00000, 0x0000000084c00000| Untracked 
|  65|0x0000000084d00000, 0x0000000084d00000, 0x0000000084e00000|  0%| F|  |TAMS 0x0000000084d00000, 0x0000000084d00000| Untracked 
|  66|0x0000000084e00000, 0x0000000084e00000, 0x0000000084f00000|  0%| F|  |TAMS 0x0000000084e00000, 0x0000000084e00000| Untracked 
|  67|0x0000000084f00000, 0x0000000084f00000, 0x0000000085000000|  0%| F|  |TAMS 0x0000000084f00000, 0x0000000084f00000| Untracked 
|  68|0x0000000085000000, 0x0000000085000000, 0x0000000085100000|  0%| F|  |TAMS 0x0000000085000000, 0x0000000085000000| Untracked 
|  69|0x0000000085100000, 0x0000000085100000, 0x0000000085200000|  0%| F|  |TAMS 0x0000000085100000, 0x0000000085100000| Untracked 
|  70|0x0000000085200000, 0x0000000085200000, 0x0000000085300000|  0%| F|  |TAMS 0x0000000085200000, 0x0000000085200000| Untracked 
|  71|0x0000000085300000, 0x0000000085300000, 0x0000000085400000|  0%| F|  |TAMS 0x0000000085300000, 0x0000000085300000| Untracked 
|  72|0x0000000085400000, 0x0000000085400000, 0x0000000085500000|  0%| F|  |TAMS 0x0000000085400000, 0x0000000085400000| Untracked 
|  73|0x0000000085500000, 0x0000000085500000, 0x0000000085600000|  0%| F|  |TAMS 0x0000000085500000, 0x0000000085500000| Untracked 
|  74|0x0000000085600000, 0x0000000085600000, 0x0000000085700000|  0%| F|  |TAMS 0x0000000085600000, 0x0000000085600000| Untracked 
|  75|0x0000000085700000, 0x0000000085700000, 0x0000000085800000|  0%| F|  |TAMS 0x0000000085700000, 0x0000000085700000| Untracked 
|  76|0x0000000085800000, 0x0000000085800000, 0x0000000085900000|  0%| F|  |TAMS 0x0000000085800000, 0x0000000085800000| Untracked 
|  77|0x0000000085900000, 0x0000000085900000, 0x0000000085a00000|  0%| F|  |TAMS 0x0000000085900000, 0x0000000085900000| Untracked 
|  78|0x0000000085a00000, 0x0000000085a00000, 0x0000000085b00000|  0%| F|  |TAMS 0x0000000085a00000, 0x0000000085a00000| Untracked 
|  79|0x0000000085b00000, 0x0000000085b00000, 0x0000000085c00000|  0%| F|  |TAMS 0x0000000085b00000, 0x0000000085b00000| Untracked 
|  80|0x0000000085c00000, 0x0000000085c00000, 0x0000000085d00000|  0%| F|  |TAMS 0x0000000085c00000, 0x0000000085c00000| Untracked 
|  81|0x0000000085d00000, 0x0000000085d00000, 0x0000000085e00000|  0%| F|  |TAMS 0x0000000085d00000, 0x0000000085d00000| Untracked 
|  82|0x0000000085e00000, 0x0000000085e00000, 0x0000000085f00000|  0%| F|  |TAMS 0x0000000085e00000, 0x0000000085e00000| Untracked 
|  83|0x0000000085f00000, 0x0000000085f00000, 0x0000000086000000|  0%| F|  |TAMS 0x0000000085f00000, 0x0000000085f00000| Untracked 
|  84|0x0000000086000000, 0x0000000086000000, 0x0000000086100000|  0%| F|  |TAMS 0x0000000086000000, 0x0000000086000000| Untracked 
|  85|0x0000000086100000, 0x0000000086100000, 0x0000000086200000|  0%| F|  |TAMS 0x0000000086100000, 0x0000000086100000| Untracked 
|  86|0x0000000086200000, 0x0000000086200000, 0x0000000086300000|  0%| F|  |TAMS 0x0000000086200000, 0x0000000086200000| Untracked 
|  87|0x0000000086300000, 0x0000000086300000, 0x0000000086400000|  0%| F|  |TAMS 0x0000000086300000, 0x0000000086300000| Untracked 
|  88|0x0000000086400000, 0x0000000086400000, 0x0000000086500000|  0%| F|  |TAMS 0x0000000086400000, 0x0000000086400000| Untracked 
|  89|0x0000000086500000, 0x0000000086500000, 0x0000000086600000|  0%| F|  |TAMS 0x0000000086500000, 0x0000000086500000| Untracked 
|  90|0x0000000086600000, 0x0000000086600000, 0x0000000086700000|  0%| F|  |TAMS 0x0000000086600000, 0x0000000086600000| Untracked 
|  91|0x0000000086700000, 0x0000000086700000, 0x0000000086800000|  0%| F|  |TAMS 0x0000000086700000, 0x0000000086700000| Untracked 
|  92|0x0000000086800000, 0x0000000086800000, 0x0000000086900000|  0%| F|  |TAMS 0x0000000086800000, 0x0000000086800000| Untracked 
|  93|0x0000000086900000, 0x0000000086900000, 0x0000000086a00000|  0%| F|  |TAMS 0x0000000086900000, 0x0000000086900000| Untracked 
|  94|0x0000000086a00000, 0x0000000086a00000, 0x0000000086b00000|  0%| F|  |TAMS 0x0000000086a00000, 0x0000000086a00000| Untracked 
|  95|0x0000000086b00000, 0x0000000086b00000, 0x0000000086c00000|  0%| F|  |TAMS 0x0000000086b00000, 0x0000000086b00000| Untracked 
|  96|0x0000000086c00000, 0x0000000086c00000, 0x0000000086d00000|  0%| F|  |TAMS 0x0000000086c00000, 0x0000000086c00000| Untracked 
|  97|0x0000000086d00000, 0x0000000086d00000, 0x0000000086e00000|  0%| F|  |TAMS 0x0000000086d00000, 0x0000000086d00000| Untracked 
|  98|0x0000000086e00000, 0x0000000086e00000, 0x0000000086f00000|  0%| F|  |TAMS 0x0000000086e00000, 0x0000000086e00000| Untracked 
|  99|0x0000000086f00000, 0x0000000086f00000, 0x0000000087000000|  0%| F|  |TAMS 0x0000000086f00000, 0x0000000086f00000| Untracked 
| 100|0x0000000087000000, 0x0000000087000000, 0x0000000087100000|  0%| F|  |TAMS 0x0000000087000000, 0x0000000087000000| Untracked 
| 101|0x0000000087100000, 0x0000000087100000, 0x0000000087200000|  0%| F|  |TAMS 0x0000000087100000, 0x0000000087100000| Untracked 
| 102|0x0000000087200000, 0x0000000087200000, 0x0000000087300000|  0%| F|  |TAMS 0x0000000087200000, 0x0000000087200000| Untracked 
| 103|0x0000000087300000, 0x0000000087300000, 0x0000000087400000|  0%| F|  |TAMS 0x0000000087300000, 0x0000000087300000| Untracked 
| 104|0x0000000087400000, 0x0000000087400000, 0x0000000087500000|  0%| F|  |TAMS 0x0000000087400000, 0x0000000087400000| Untracked 
| 105|0x0000000087500000, 0x0000000087500000, 0x0000000087600000|  0%| F|  |TAMS 0x0000000087500000, 0x0000000087500000| Untracked 
| 106|0x0000000087600000, 0x0000000087600000, 0x0000000087700000|  0%| F|  |TAMS 0x0000000087600000, 0x0000000087600000| Untracked 
| 107|0x0000000087700000, 0x0000000087700000, 0x0000000087800000|  0%| F|  |TAMS 0x0000000087700000, 0x0000000087700000| Untracked 
| 108|0x0000000087800000, 0x0000000087800000, 0x0000000087900000|  0%| F|  |TAMS 0x0000000087800000, 0x0000000087800000| Untracked 
| 109|0x0000000087900000, 0x0000000087900000, 0x0000000087a00000|  0%| F|  |TAMS 0x0000000087900000, 0x0000000087900000| Untracked 
| 110|0x0000000087a00000, 0x0000000087a00000, 0x0000000087b00000|  0%| F|  |TAMS 0x0000000087a00000, 0x0000000087a00000| Untracked 
| 111|0x0000000087b00000, 0x0000000087b00000, 0x0000000087c00000|  0%| F|  |TAMS 0x0000000087b00000, 0x0000000087b00000| Untracked 
| 112|0x0000000087c00000, 0x0000000087c00000, 0x0000000087d00000|  0%| F|  |TAMS 0x0000000087c00000, 0x0000000087c00000| Untracked 
| 113|0x0000000087d00000, 0x0000000087d00000, 0x0000000087e00000|  0%| F|  |TAMS 0x0000000087d00000, 0x0000000087d00000| Untracked 
| 114|0x0000000087e00000, 0x0000000087e00000, 0x0000000087f00000|  0%| F|  |TAMS 0x0000000087e00000, 0x0000000087e00000| Untracked 
| 115|0x0000000087f00000, 0x0000000087f00000, 0x0000000088000000|  0%| F|  |TAMS 0x0000000087f00000, 0x0000000087f00000| Untracked 
| 116|0x0000000088000000, 0x0000000088000000, 0x0000000088100000|  0%| F|  |TAMS 0x0000000088000000, 0x0000000088000000| Untracked 
| 117|0x0000000088100000, 0x0000000088100000, 0x0000000088200000|  0%| F|  |TAMS 0x0000000088100000, 0x0000000088100000| Untracked 
| 118|0x0000000088200000, 0x0000000088200000, 0x0000000088300000|  0%| F|  |TAMS 0x0000000088200000, 0x0000000088200000| Untracked 
| 119|0x0000000088300000, 0x0000000088300000, 0x0000000088400000|  0%| F|  |TAMS 0x0000000088300000, 0x0000000088300000| Untracked 
| 120|0x0000000088400000, 0x00000000884ed580, 0x0000000088500000| 92%| E|  |TAMS 0x0000000088400000, 0x0000000088400000| Complete 
| 121|0x0000000088500000, 0x0000000088600000, 0x0000000088600000|100%| E|CS|TAMS 0x0000000088500000, 0x0000000088500000| Complete 
| 122|0x0000000088600000, 0x0000000088700000, 0x0000000088700000|100%| E|CS|TAMS 0x0000000088600000, 0x0000000088600000| Complete 
| 123|0x0000000088700000, 0x0000000088800000, 0x0000000088800000|100%| E|CS|TAMS 0x0000000088700000, 0x0000000088700000| Complete 
| 124|0x0000000088800000, 0x0000000088900000, 0x0000000088900000|100%| E|CS|TAMS 0x0000000088800000, 0x0000000088800000| Complete 
| 125|0x0000000088900000, 0x0000000088a00000, 0x0000000088a00000|100%| E|CS|TAMS 0x0000000088900000, 0x0000000088900000| Complete 
| 126|0x0000000088a00000, 0x0000000088b00000, 0x0000000088b00000|100%| E|CS|TAMS 0x0000000088a00000, 0x0000000088a00000| Complete 
| 127|0x0000000088b00000, 0x0000000088c00000, 0x0000000088c00000|100%| E|CS|TAMS 0x0000000088b00000, 0x0000000088b00000| Complete 

Card table byte_map: [0x0000028d50b80000,0x0000028d50f80000] _byte_map_base: 0x0000028d5077a000

Marking Bits (Prev, Next): (CMBitMap*) 0x0000028d39f5c090, (CMBitMap*) 0x0000028d39f5c0d0
 Prev Bits: [0x0000028d51380000, 0x0000028d53350000)
 Next Bits: [0x0000028d53350000, 0x0000028d55320000)

Polling page: 0x0000028d396e0000

Metaspace:

Usage:
  Non-class:      3.16 MB used.
      Class:    364.37 KB used.
       Both:      3.52 MB used.

Virtual space:
  Non-class space:        8.00 MB reserved,       3.25 MB ( 41%) committed,  1 nodes.
      Class space:        1.00 GB reserved,     384.00 KB ( <1%) committed,  1 nodes.
             Both:        1.01 GB reserved,       3.62 MB ( <1%) committed. 

Chunk freelists:
   Non-Class:  3.61 MB
       Class:  3.57 MB
        Both:  7.18 MB

MaxMetaspaceSize: unlimited
CompressedClassSpaceSize: 1.00 GB
Initial GC threshold: 21.00 MB
Current GC threshold: 21.00 MB
CDS: on
MetaspaceReclaimPolicy: balanced
 - commit_granule_bytes: 65536.
 - commit_granule_words: 8192.
 - virtual_space_node_default_size: 1048576.
 - enlarge_chunks_in_place: 1.
 - new_chunks_are_fully_committed: 0.
 - uncommit_free_chunks: 1.
 - use_allocation_guard: 0.
 - handle_deallocations: 1.


Internal statistics:

num_allocs_failed_limit: 0.
num_arena_births: 18.
num_arena_deaths: 0.
num_vsnodes_births: 2.
num_vsnodes_deaths: 0.
num_space_committed: 58.
num_space_uncommitted: 0.
num_chunks_returned_to_freelist: 0.
num_chunks_taken_from_freelist: 49.
num_chunk_merges: 0.
num_chunk_splits: 26.
num_chunks_enlarged: 15.
num_purges: 0.
num_inconsistent_stats: 0.

CodeHeap 'non-profiled nmethods': size=120000Kb used=194Kb max_used=194Kb free=119805Kb
 bounds [0x0000028d49250000, 0x0000028d494c0000, 0x0000028d50780000]
CodeHeap 'profiled nmethods': size=120000Kb used=789Kb max_used=789Kb free=119210Kb
 bounds [0x0000028d41d20000, 0x0000028d41f90000, 0x0000028d49250000]
CodeHeap 'non-nmethods': size=5760Kb used=1141Kb max_used=1161Kb free=4618Kb
 bounds [0x0000028d41780000, 0x0000028d419f0000, 0x0000028d41d20000]
 total_blobs=933 nmethods=505 adapters=341
 compilation: enabled
              stopped_count=0, restarted_count=0
 full_count=0

Compilation events (20 events):
Event: 0.427 Thread 0x0000028d577b8ee0 nmethod 468 0x0000028d49274a10 code [0x0000028d49274b80, 0x0000028d49274bf8]
Event: 0.427 Thread 0x0000028d577b8ee0  470       4       java.lang.invoke.VarHandleGuards::guard_LI_I (78 bytes)
Event: 0.428 Thread 0x0000028d5862d9c0 nmethod 469 0x0000028d49274d10 code [0x0000028d49274e80, 0x0000028d49274f38]
Event: 0.431 Thread 0x0000028d577b8ee0 nmethod 470 0x0000028d49275010 code [0x0000028d492751c0, 0x0000028d49275468]
Event: 0.431 Thread 0x0000028d577b8ee0  471       4       java.lang.invoke.VarHandleByteArrayAsInts$ArrayHandle::get (36 bytes)
Event: 0.431 Thread 0x0000028d5862d9c0  472 %     4       sun.security.provider.SHA2::implCompress0 @ 220 (490 bytes)
Event: 0.432 Thread 0x0000028d577b8ee0 nmethod 471 0x0000028d49275810 code [0x0000028d492759a0, 0x0000028d49275ad8]
Event: 0.434 Thread 0x0000028d578256d0 nmethod 465 0x0000028d41ddc190 code [0x0000028d41ddcd00, 0x0000028d41de3858]
Event: 0.434 Thread 0x0000028d578256d0  473       3       java.lang.String::startsWith (138 bytes)
Event: 0.440 Thread 0x0000028d577b8ee0  483       4       java.lang.String::isEmpty (14 bytes)
Event: 0.440 Thread 0x0000028d577b8ee0 nmethod 483 0x0000028d49275c90 code [0x0000028d49275e00, 0x0000028d49275e98]
Event: 0.442 Thread 0x0000028d5862d9c0 nmethod 472% 0x0000028d49275f90 code [0x0000028d49276120, 0x0000028d49276938]
Event: 0.442 Thread 0x0000028d5862d9c0  484       4       sun.security.provider.SHA2::implCompress0 (490 bytes)
Event: 0.442 Thread 0x0000028d577b8ee0  485       4       java.lang.invoke.VarHandle::checkExactAccessMode (28 bytes)
Event: 0.444 Thread 0x0000028d577b8ee0 nmethod 485 0x0000028d49276e90 code [0x0000028d49277020, 0x0000028d49277178]
Event: 0.445 Thread 0x0000028d577b8ee0  496       4       java.lang.StringUTF16::compress (50 bytes)
Event: 0.451 Thread 0x0000028d577b8ee0 nmethod 496 0x0000028d49278810 code [0x0000028d49278980, 0x0000028d49278cf8]
Event: 0.451 Thread 0x0000028d577b8ee0  497 %     4       java.lang.StringLatin1::lastIndexOf @ 18 (40 bytes)
Event: 0.454 Thread 0x0000028d577b8ee0 nmethod 497% 0x0000028d49278e10 code [0x0000028d49278fa0, 0x0000028d49279158]
Event: 0.471 Thread 0x0000028d5862d9c0 nmethod 484 0x0000028d49279290 code [0x0000028d49279440, 0x0000028d49279ed8]

GC Heap History (0 events):
No events

Deoptimization events (20 events):
Event: 0.258 Thread 0x0000028d39f044d0 DEOPT PACKING pc=0x0000028d4925c9d0 sp=0x000000e569afdd70
Event: 0.258 Thread 0x0000028d39f044d0 DEOPT UNPACKING pc=0x0000028d417d23a3 sp=0x000000e569afdcf0 mode 2
Event: 0.259 Thread 0x0000028d39f044d0 DEOPT PACKING pc=0x0000028d41d4e68c sp=0x000000e569afdcf0
Event: 0.259 Thread 0x0000028d39f044d0 DEOPT UNPACKING pc=0x0000028d417d2b43 sp=0x000000e569afd180 mode 0
Event: 0.260 Thread 0x0000028d39f044d0 DEOPT PACKING pc=0x0000028d41d4e68c sp=0x000000e569afdcf0
Event: 0.260 Thread 0x0000028d39f044d0 DEOPT UNPACKING pc=0x0000028d417d2b43 sp=0x000000e569afd180 mode 0
Event: 0.329 Thread 0x0000028d39f044d0 Uncommon trap: trap_request=0xffffff45 fr.pc=0x0000028d49263f10 relative=0x0000000000001090
Event: 0.329 Thread 0x0000028d39f044d0 Uncommon trap: reason=unstable_if action=reinterpret pc=0x0000028d49263f10 method=java.util.HashMap.putVal(ILjava/lang/Object;Ljava/lang/Object;ZZ)Ljava/lang/Object; @ 181 c2
Event: 0.329 Thread 0x0000028d39f044d0 DEOPT PACKING pc=0x0000028d49263f10 sp=0x000000e569afbfb0
Event: 0.329 Thread 0x0000028d39f044d0 DEOPT UNPACKING pc=0x0000028d417d23a3 sp=0x000000e569afbf60 mode 2
Event: 0.442 Thread 0x0000028d39f044d0 DEOPT PACKING pc=0x0000028d41ddbb7e sp=0x000000e569afd020
Event: 0.442 Thread 0x0000028d39f044d0 DEOPT UNPACKING pc=0x0000028d417d2b43 sp=0x000000e569afc490 mode 0
Event: 0.442 Thread 0x0000028d39f044d0 DEOPT PACKING pc=0x0000028d41ddbb7e sp=0x000000e569afd020
Event: 0.442 Thread 0x0000028d39f044d0 DEOPT UNPACKING pc=0x0000028d417d2b43 sp=0x000000e569afc490 mode 0
Event: 0.446 Thread 0x0000028d39f044d0 DEOPT PACKING pc=0x0000028d41ddbb7e sp=0x000000e569afcab0
Event: 0.446 Thread 0x0000028d39f044d0 DEOPT UNPACKING pc=0x0000028d417d2b43 sp=0x000000e569afbf20 mode 0
Event: 0.476 Thread 0x0000028d39f044d0 Uncommon trap: trap_request=0xffffff45 fr.pc=0x0000028d492770c8 relative=0x00000000000000a8
Event: 0.476 Thread 0x0000028d39f044d0 Uncommon trap: reason=unstable_if action=reinterpret pc=0x0000028d492770c8 method=java.lang.invoke.VarHandle.checkExactAccessMode(Ljava/lang/invoke/VarHandle$AccessDescriptor;)V @ 4 c2
Event: 0.476 Thread 0x0000028d39f044d0 DEOPT PACKING pc=0x0000028d492770c8 sp=0x000000e569afdc00
Event: 0.476 Thread 0x0000028d39f044d0 DEOPT UNPACKING pc=0x0000028d417d23a3 sp=0x000000e569afdbc0 mode 2

Classes unloaded (0 events):
No events

Classes redefined (0 events):
No events

Internal exceptions (1 events):
Event: 0.487 Thread 0x0000028d39f044d0 Exception <a 'java/lang/NoSuchMethodError'{0x000000008868a520}: 'java.lang.Object java.lang.invoke.DirectMethodHandle$Holder.invokeStaticInit(java.lang.Object)'> (0x000000008868a520) 
thrown [s\open\src\hotspot\share\interpreter\linkResolver.cpp, line 759]

VM Operations (6 events):
Event: 0.203 Executing VM operation: HandshakeAllThreads
Event: 0.203 Executing VM operation: HandshakeAllThreads done
Event: 0.307 Executing VM operation: HandshakeAllThreads
Event: 0.307 Executing VM operation: HandshakeAllThreads done
Event: 0.464 Executing VM operation: HandshakeAllThreads
Event: 0.464 Executing VM operation: HandshakeAllThreads done

Events (20 events):
Event: 0.492 loading class sun/nio/ch/Net$1
Event: 0.492 loading class java/net/ProtocolFamily
Event: 0.492 loading class java/net/ProtocolFamily done
Event: 0.492 loading class sun/nio/ch/Net$1 done
Event: 0.492 loading class sun/net/ext/ExtendedSocketOptions
Event: 0.492 loading class sun/net/ext/ExtendedSocketOptions done
Event: 0.492 loading class jdk/net/ExtendedSocketOptions
Event: 0.492 loading class jdk/net/ExtendedSocketOptions done
Event: 0.492 loading class jdk/net/ExtendedSocketOptions$ExtSocketOption
Event: 0.492 loading class java/net/SocketOption
Event: 0.492 loading class java/net/SocketOption done
Event: 0.492 loading class jdk/net/ExtendedSocketOptions$ExtSocketOption done
Event: 0.492 loading class jdk/net/UnixDomainPrincipal
Event: 0.492 loading class jdk/net/UnixDomainPrincipal done
Event: 0.492 loading class jdk/net/ExtendedSocketOptions$PlatformSocketOptions
Event: 0.492 loading class jdk/net/ExtendedSocketOptions$PlatformSocketOptions done
Event: 0.492 loading class jdk/net/ExtendedSocketOptions$PlatformSocketOptions$1
Event: 0.492 loading class jdk/net/ExtendedSocketOptions$PlatformSocketOptions$1 done
Event: 0.492 loading class jdk/net/ExtendedSocketOptions$1
Event: 0.492 loading class jdk/net/ExtendedSocketOptions$1 done


Dynamic libraries:
0x00007ff607b20000 - 0x00007ff607b30000 	C:\Program Files\Java\jdk-17.0.5\bin\javaw.exe
0x00007ffa7f5d0000 - 0x00007ffa7f7c8000 	C:\Windows\SYSTEM32\ntdll.dll
0x00007ffa7d7a0000 - 0x00007ffa7d85f000 	C:\Windows\System32\KERNEL32.DLL
0x00007ffa7d330000 - 0x00007ffa7d626000 	C:\Windows\System32\KERNELBASE.dll
0x00007ffa7cea0000 - 0x00007ffa7cfa0000 	C:\Windows\System32\ucrtbase.dll
0x00007ffa787f0000 - 0x00007ffa78808000 	C:\Program Files\Java\jdk-17.0.5\bin\jli.dll
0x00007ffa7d6f0000 - 0x00007ffa7d79f000 	C:\Windows\System32\ADVAPI32.dll
0x00007ffa7f000000 - 0x00007ffa7f09e000 	C:\Windows\System32\msvcrt.dll
0x00007ffa7eef0000 - 0x00007ffa7ef8c000 	C:\Windows\System32\sechost.dll
0x00007ffa7ed10000 - 0x00007ffa7ee36000 	C:\Windows\System32\RPCRT4.dll
0x00007ffa7e0e0000 - 0x00007ffa7e27d000 	C:\Windows\System32\USER32.dll
0x00007ffa7ce00000 - 0x00007ffa7ce22000 	C:\Windows\System32\win32u.dll
0x00007ffa7e460000 - 0x00007ffa7e48c000 	C:\Windows\System32\GDI32.dll
0x00007ffa7ccb0000 - 0x00007ffa7cdc5000 	C:\Windows\System32\gdi32full.dll
0x00007ffa7d1e0000 - 0x00007ffa7d27d000 	C:\Windows\System32\msvcp_win.dll
0x00007ffa6fdb0000 - 0x00007ffa6fdca000 	C:\Program Files\Java\jdk-17.0.5\bin\VCRUNTIME140.dll
0x00007ffa6d4a0000 - 0x00007ffa6d73a000 	C:\Windows\WinSxS\amd64_microsoft.windows.common-controls_6595b64144ccf1df_6.0.19041.1110_none_60b5254171f9507e\COMCTL32.dll
0x00007ffa74e50000 - 0x00007ffa74e5a000 	C:\Windows\SYSTEM32\VERSION.dll
0x00007ffa7e430000 - 0x00007ffa7e460000 	C:\Windows\System32\IMM32.DLL
0x00007ffa6fda0000 - 0x00007ffa6fdac000 	C:\Program Files\Java\jdk-17.0.5\bin\vcruntime140_1.dll
0x00007ffa6fac0000 - 0x00007ffa6fb4d000 	C:\Program Files\Java\jdk-17.0.5\bin\msvcp140.dll
0x00007ffa29630000 - 0x00007ffa2a1f2000 	C:\Program Files\Java\jdk-17.0.5\bin\server\jvm.dll
0x00007ffa7f0a0000 - 0x00007ffa7f0a8000 	C:\Windows\System32\PSAPI.DLL
0x00007ffa6d770000 - 0x00007ffa6d779000 	C:\Windows\SYSTEM32\WSOCK32.dll
0x00007ffa7ef90000 - 0x00007ffa7effb000 	C:\Windows\System32\WS2_32.dll
0x00007ffa74e20000 - 0x00007ffa74e47000 	C:\Windows\SYSTEM32\WINMM.dll
0x00007ffa7aab0000 - 0x00007ffa7aac2000 	C:\Windows\SYSTEM32\kernel.appcore.dll
0x00007ffa66a30000 - 0x00007ffa66a3a000 	C:\Program Files\Java\jdk-17.0.5\bin\jimage.dll
0x00007ffa6d140000 - 0x00007ffa6d324000 	C:\Windows\SYSTEM32\DBGHELP.DLL
0x00007ffa6d100000 - 0x00007ffa6d134000 	C:\Windows\SYSTEM32\dbgcore.DLL
0x00007ffa7cff0000 - 0x00007ffa7d072000 	C:\Windows\System32\bcryptPrimitives.dll
0x00007ffa6fab0000 - 0x00007ffa6fabe000 	C:\Program Files\Java\jdk-17.0.5\bin\instrument.dll
0x00007ffa64f90000 - 0x00007ffa64fb5000 	C:\Program Files\Java\jdk-17.0.5\bin\java.dll
0x00007ffa29550000 - 0x00007ffa29626000 	C:\Program Files\Java\jdk-17.0.5\bin\jsvml.dll
0x00007ffa7e4a0000 - 0x00007ffa7ebe4000 	C:\Windows\System32\SHELL32.dll
0x00007ffa7ad90000 - 0x00007ffa7b523000 	C:\Windows\SYSTEM32\windows.storage.dll
0x00007ffa7d860000 - 0x00007ffa7dbb4000 	C:\Windows\System32\combase.dll
0x00007ffa7c710000 - 0x00007ffa7c73e000 	C:\Windows\SYSTEM32\Wldp.dll
0x00007ffa7dd80000 - 0x00007ffa7de2d000 	C:\Windows\System32\SHCORE.dll
0x00007ffa7dbc0000 - 0x00007ffa7dc15000 	C:\Windows\System32\shlwapi.dll
0x00007ffa7cbf0000 - 0x00007ffa7cc0f000 	C:\Windows\SYSTEM32\profapi.dll
0x00007ffa5f430000 - 0x00007ffa5f448000 	C:\Program Files\Java\jdk-17.0.5\bin\zip.dll
0x00007ffa663b0000 - 0x00007ffa663c9000 	C:\Program Files\Java\jdk-17.0.5\bin\net.dll
0x00007ffa73ff0000 - 0x00007ffa740fa000 	C:\Windows\SYSTEM32\WINHTTP.dll
0x00007ffa7c470000 - 0x00007ffa7c4da000 	C:\Windows\system32\mswsock.dll
0x00007ffa62410000 - 0x00007ffa62426000 	C:\Program Files\Java\jdk-17.0.5\bin\nio.dll
0x00007ffa66070000 - 0x00007ffa66080000 	C:\Program Files\Java\jdk-17.0.5\bin\verify.dll
0x00007ffa604f0000 - 0x00007ffa60507000 	C:\Windows\system32\napinsp.dll
0x00007ffa60510000 - 0x00007ffa6052b000 	C:\Windows\system32\pnrpnsp.dll
0x00007ffa66290000 - 0x00007ffa662a5000 	C:\Windows\system32\wshbth.dll
0x00007ffa78710000 - 0x00007ffa7872d000 	C:\Windows\system32\NLAapi.dll
0x00007ffa7c110000 - 0x00007ffa7c14c000 	C:\Windows\SYSTEM32\IPHLPAPI.DLL
0x00007ffa7c160000 - 0x00007ffa7c22b000 	C:\Windows\SYSTEM32\DNSAPI.dll
0x00007ffa7f520000 - 0x00007ffa7f528000 	C:\Windows\System32\NSI.dll
0x00007ffa60530000 - 0x00007ffa60542000 	C:\Windows\System32\winrnr.dll
0x00007ffa76c10000 - 0x00007ffa76c1a000 	C:\Windows\System32\rasadhlp.dll
0x00007ffa71020000 - 0x00007ffa710a2000 	C:\Windows\System32\fwpuclnt.dll
0x00007ffa7cdd0000 - 0x00007ffa7cdf7000 	C:\Windows\System32\bcrypt.dll
0x00007ffa75350000 - 0x00007ffa75367000 	C:\Windows\SYSTEM32\dhcpcsvc6.DLL
0x00007ffa76780000 - 0x00007ffa7679d000 	C:\Windows\SYSTEM32\dhcpcsvc.DLL

dbghelp: loaded successfully - version: 4.0.5 - missing functions: none
symbol engine: initialized successfully - sym options: 0x614 - pdb path: .;C:\Program Files\Java\jdk-17.0.5\bin;C:\Windows\SYSTEM32;C:\Windows\WinSxS\amd64_microsoft.windows.common-controls_6595b64144ccf1df_6.0.19041.1110_none_60b5254171f9507e;C:\Program Files\Java\jdk-17.0.5\bin\server

VM Arguments:
jvm_args: -javaagent:C:\Users\thihe\eclipse\jee-2022-09\eclipse\configuration\org.eclipse.osgi\874\0\.cp\jacocoagent.jar=includes=*,excludes=,exclclassloader=sun.reflect.DelegatingClassLoader,output=tcpclient,port=60165 -ea -Dfile.encoding=UTF-8 -XX:+ShowCodeDetailsInExceptionMessages 
java_command: org.eclipse.jdt.internal.junit.runner.RemoteTestRunner -version 3 -port 60166 -testLoaderClass org.eclipse.jdt.internal.junit5.runner.JUnit5TestLoader -loaderpluginname org.eclipse.jdt.junit5.runtime -classNames br.com.henrique.cm.modelo.CampoTeste
java_class_path (initial): C:\Users\thihe\OneDrive\Área de Trabalho\CURSO JAVA\campo-minado\bin;C:\Users\thihe\.p2\pool\plugins\junit-jupiter-api_5.9.0.jar;C:\Users\thihe\.p2\pool\plugins\junit-jupiter-engine_5.9.0.jar;C:\Users\thihe\.p2\pool\plugins\junit-jupiter-migrationsupport_5.9.0.jar;C:\Users\thihe\.p2\pool\plugins\junit-jupiter-params_5.9.0.jar;C:\Users\thihe\.p2\pool\plugins\junit-platform-commons_1.9.0.jar;C:\Users\thihe\.p2\pool\plugins\junit-platform-engine_1.9.0.jar;C:\Users\thihe\.p2\pool\plugins\junit-platform-launcher_1.9.0.jar;C:\Users\thihe\.p2\pool\plugins\junit-platform-runner_1.9.0.jar;C:\Users\thihe\.p2\pool\plugins\junit-platform-suite-api_1.9.0.jar;C:\Users\thihe\.p2\pool\plugins\junit-platform-suite-engine_1.9.0.jar;C:\Users\thihe\.p2\pool\plugins\junit-platform-suite-commons_1.9.0.jar;C:\Users\thihe\.p2\pool\plugins\junit-vintage-engine_5.9.0.jar;C:\Users\thihe\.p2\pool\plugins\org.opentest4j_1.2.0.jar;C:\Users\thihe\.p2\pool\plugins\org.apiguardian.api_1.1.2.jar;C:\Users\thihe\.p2\pool\plugins\org.junit_4.13.2.v20211018-1956.jar;C:\Users\thihe\.p2\pool\plugins\org.hamcrest.core_1.3.0.v20180420-1519.jar;C:\Users\thihe\eclipse\jee-2022-09\eclipse\configuration\org.eclipse.osgi\420\0\.cp;C:\Users\thihe\eclipse\jee-2022-09\eclipse\configuration\org.eclipse.osgi\418\0\.cp
Launcher Type: SUN_STANDARD

[Global flags]
     intx CICompilerCount                          = 3                                         {product} {ergonomic}
     uint ConcGCThreads                            = 1                                         {product} {ergonomic}
     uint G1ConcRefinementThreads                  = 4                                         {product} {ergonomic}
   size_t G1HeapRegionSize                         = 1048576                                   {product} {ergonomic}
    uintx GCDrainStackTargetSize                   = 64                                        {product} {ergonomic}
   size_t InitialHeapSize                          = 134217728                                 {product} {ergonomic}
   size_t MarkStackSize                            = 4194304                                   {product} {ergonomic}
   size_t MaxHeapSize                              = 2134900736                                {product} {ergonomic}
   size_t MaxNewSize                               = 1280311296                                {product} {ergonomic}
   size_t MinHeapDeltaBytes                        = 1048576                                   {product} {ergonomic}
   size_t MinHeapSize                              = 8388608                                   {product} {ergonomic}
    uintx NonNMethodCodeHeapSize                   = 5832780                                {pd product} {ergonomic}
    uintx NonProfiledCodeHeapSize                  = 122912730                              {pd product} {ergonomic}
    uintx ProfiledCodeHeapSize                     = 122912730                              {pd product} {ergonomic}
    uintx ReservedCodeCacheSize                    = 251658240                              {pd product} {ergonomic}
     bool SegmentedCodeCache                       = true                                      {product} {ergonomic}
     bool ShowCodeDetailsInExceptionMessages       = true                                   {manageable} {command line}
   size_t SoftMaxHeapSize                          = 2134900736                             {manageable} {ergonomic}
     bool UseCompressedClassPointers               = true                           {product lp64_product} {ergonomic}
     bool UseCompressedOops                        = true                           {product lp64_product} {ergonomic}
     bool UseG1GC                                  = true                                      {product} {ergonomic}
     bool UseLargePagesIndividualAllocation        = false                                  {pd product} {ergonomic}

Logging:
Log output configuration:
 #0: stdout all=warning uptime,level,tags
 #1: stderr all=off uptime,level,tags

Environment Variables:
JAVA_HOME=C:\Program Files\Java\jdk-17.0.5
PATH=C:/Program Files/Java/jdk-17.0.5/bin/server;C:/Program Files/Java/jdk-17.0.5/bin;C:\Program Files\Common Files\Oracle\Java\javapath;C:\Windows\system32;C:\Windows;C:\Windows\System32\Wbem;C:\Windows\System32\WindowsPowerShell\v1.0\;C:\Windows\System32\OpenSSH\;C:\Program Files\Java\jdk-17.0.5\bin;C:\Users\thihe\AppData\Local\Programs\Python\Python311\Scripts\;C:\Users\thihe\AppData\Local\Programs\Python\Python311\;C:\Users\thihe\AppData\Local\Microsoft\WindowsApps;C:\Users\thihe\AppData\Local\GitHubDesktop\bin;C:\Users\thihe\OneDrive\Área de Trabalho;
USERNAME=thihe
OS=Windows_NT
PROCESSOR_IDENTIFIER=Intel64 Family 6 Model 58 Stepping 9, GenuineIntel



---------------  S Y S T E M  ---------------

OS:
 Windows 10 , 64 bit Build 19041 (10.0.19041.2913)
OS uptime: 0 days 3:40 hours

CPU: total 4 (initial active 4) (2 cores per cpu, 2 threads per core) family 6 model 58 stepping 9 microcode 0x21, cx8, cmov, fxsr, ht, mmx, sse, sse2, sse3, ssse3, sse4.1, sse4.2, popcnt, tsc, tscinvbit, avx, erms, clmul, vzeroupper, clflush

Memory: 4k page, system-wide physical 8142M (4075M free)
TotalPageFile size 9422M (AvailPageFile size 3926M)
current process WorkingSet (physical memory assigned to process): 51M, peak: 51M
current process commit charge ("private bytes"): 210M, peak: 210M

vm_info: Java HotSpot(TM) 64-Bit Server VM (17.0.5+9-LTS-191) for windows-amd64 JRE (17.0.5+9-LTS-191), built on Sep 13 2022 17:31:43 by "mach5one" with MS VC++ 16.8 / 16.9 (VS2019)

END.
